<?xml version="1.0" encoding="UTF-8"?>
<!-- Generated by org.testng.reporters.JUnitReportReporter -->
<testsuite hostname="DESKTOP-BHA5M4A" failures="0" tests="1" name="amazon.AmazonLogin" time="2.719" errors="0" timestamp="2022-06-04T13:14:30 EDT" skipped="0">
  <testcase classname="amazon.AmazonLogin" name="amazonLogin" time="2.719"/>
  <system-out/>
</testsuite> <!-- amazon.AmazonLogin -->
